/home/uos/youqu/apps/autotest_deepin_music/case/test_music_001.py-TestMusic-setup_method-DdeDockPublicWidget-open_music_in_dock_by_attr-40-1
/home/uos/youqu/apps/autotest_deepin_music/case/test_music_001.py-TestMusic-setup_method-BaseWidget-recovery_music_by_cmd-41-1
/home/uos/youqu/apps/autotest_deepin_music/case/test_music_001.py-TestMusic-setup_method-WindowWidget-first_add_music_by_ui-43-1
/home/uos/youqu/apps/autotest_deepin_music/case/test_music_001.py-TestMusic-test_music_001-WindowWidget-click_add_music_list_btn_in_music_by_ui-25-1
/home/uos/youqu/apps/autotest_deepin_music/case/test_music_001.py-TestMusic-test_music_001-WindowWidget-click_all_music_in_music_by_ui-27-1
/home/uos/youqu/apps/autotest_deepin_music/case/test_music_001.py-TestMusic-test_music_001-WindowWidget-right_click_first_music_in_all_music_list_view_by_ui-29-1
/home/uos/youqu/apps/autotest_deepin_music/case/test_music_001.py-TestMusic-test_music_001-MouseKey-select_menu-31-1
/home/uos/youqu/apps/autotest_deepin_music/case/test_music_001.py-TestMusic-test_music_001-MouseKey-select_submenu-32-1
/home/uos/youqu/apps/autotest_deepin_music/case/test_music_001.py-TestMusic-test_music_001-WindowWidget-click_first_new_music_list_in_music_by_ui-34-1
apps/autotest_deepin_music/case/test_music_001.py::TestMusic::test_music_001-1-failed
/home/uos/youqu/apps/autotest_deepin_music/case/test_music_001.py-TestMusic-teardown_method-BaseWidget-clean_music_app_by_cmd-47-1
/home/uos/youqu/apps/autotest_deepin_music/case/test_music_001.py-TestMusic-teardown_method-BaseWidget-close_music_and_clean_sqlite_by_cmd-48-1
/home/uos/youqu/apps/autotest_deepin_music/case/test_music_001.py-TestMusic-setup_method-DdeDockPublicWidget-open_music_in_dock_by_attr-40-2
/home/uos/youqu/apps/autotest_deepin_music/case/test_music_001.py-TestMusic-setup_method-BaseWidget-recovery_music_by_cmd-41-2
/home/uos/youqu/apps/autotest_deepin_music/case/test_music_001.py-TestMusic-setup_method-WindowWidget-first_add_music_by_ui-43-2
/home/uos/youqu/apps/autotest_deepin_music/case/test_music_001.py-TestMusic-test_music_001-WindowWidget-click_add_music_list_btn_in_music_by_ui-25-2
/home/uos/youqu/apps/autotest_deepin_music/case/test_music_001.py-TestMusic-test_music_001-WindowWidget-click_all_music_in_music_by_ui-27-2
/home/uos/youqu/apps/autotest_deepin_music/case/test_music_001.py-TestMusic-test_music_001-WindowWidget-right_click_first_music_in_all_music_list_view_by_ui-29-2
/home/uos/youqu/apps/autotest_deepin_music/case/test_music_001.py-TestMusic-test_music_001-MouseKey-select_menu-31-2
/home/uos/youqu/apps/autotest_deepin_music/case/test_music_001.py-TestMusic-test_music_001-MouseKey-select_submenu-32-2
/home/uos/youqu/apps/autotest_deepin_music/case/test_music_001.py-TestMusic-test_music_001-WindowWidget-click_first_new_music_list_in_music_by_ui-34-2
apps/autotest_deepin_music/case/test_music_001.py::TestMusic::test_music_001-2-failed
/home/uos/youqu/apps/autotest_deepin_music/case/test_music_001.py-TestMusic-teardown_method-BaseWidget-clean_music_app_by_cmd-47-2
/home/uos/youqu/apps/autotest_deepin_music/case/test_music_001.py-TestMusic-teardown_method-BaseWidget-close_music_and_clean_sqlite_by_cmd-48-2
/home/uos/youqu/apps/autotest_deepin_music/case/test_music_002.py-TestMusic-setup_method-DdeDockPublicWidget-open_music_in_dock_by_attr-24-1
/home/uos/youqu/apps/autotest_deepin_music/case/test_music_002.py-TestMusic-setup_method-BaseWidget-recovery_music_by_cmd-25-1
/home/uos/youqu/apps/autotest_deepin_music/case/test_music_002.py-TestMusic-setup_method-WindowWidget-first_add_music_by_ui-27-1
/home/uos/youqu/apps/autotest_deepin_music/case/test_music_002.py-TestMusic-test_music_002-WindowWidget-click_singer_btn_in_music_by_ui-38-1
/home/uos/youqu/apps/autotest_deepin_music/case/test_music_002.py-TestMusic-test_music_002-WindowWidget-click_icon_mode_in_music_by_ui-40-1
/home/uos/youqu/apps/autotest_deepin_music/case/test_music_002.py-TestMusic-test_music_002-DeepinMusicWidget-reboot-44-1
/home/uos/youqu/apps/autotest_deepin_music/case/test_music_002.py-TestMusic-test_music_002-DdeDockPublicWidget-open_music_in_dock_by_attr-46-1
/home/uos/youqu/apps/autotest_deepin_music/case/test_music_002.py-TestMusic-test_music_002-BaseWidget-recovery_music_by_cmd-47-1
/home/uos/youqu/apps/autotest_deepin_music/case/test_music_002.py-TestMusic-test_music_002-WindowWidget-first_add_music_by_ui-49-1
/home/uos/youqu/apps/autotest_deepin_music/case/test_music_002.py-TestMusic-test_music_002-WindowWidget-click_singer_btn_in_music_by_ui-52-1
/home/uos/youqu/apps/autotest_deepin_music/case/test_music_002.py-TestMusic-test_music_002-WindowWidget-click_icon_mode_in_music_by_ui-53-1
apps/autotest_deepin_music/case/test_music_002.py::TestMusic::test_music_002-1-passed
/home/uos/youqu/apps/autotest_deepin_music/case/test_music_002.py-TestMusic-teardown_method-BaseWidget-clean_music_app_by_cmd-59-1
/home/uos/youqu/apps/autotest_deepin_music/case/test_music_002.py-TestMusic-teardown_method-BaseWidget-close_music_and_clean_sqlite_by_cmd-60-1
/home/uos/youqu/apps/autotest_deepin_music/case/test_music_003.py-TestMusic-setup_method-DdeDockPublicWidget-open_music_in_dock_by_attr-34-1
/home/uos/youqu/apps/autotest_deepin_music/case/test_music_003.py-TestMusic-setup_method-BaseWidget-recovery_music_by_cmd-35-1
/home/uos/youqu/apps/autotest_deepin_music/case/test_music_003.py-TestMusic-setup_method-WindowWidget-first_add_music_by_ui-37-1
/home/uos/youqu/apps/autotest_deepin_music/case/test_music_003.py-TestMusic-test_music_003-WindowWidget-click_cd_btn_in_music_by_ui-26-1
/home/uos/youqu/apps/autotest_deepin_music/case/test_music_003.py-TestMusic-test_music_003-WindowWidget-click_icon_mode_in_music_by_ui-28-1
apps/autotest_deepin_music/case/test_music_003.py::TestMusic::test_music_003-1-passed
/home/uos/youqu/apps/autotest_deepin_music/case/test_music_003.py-TestMusic-teardown_method-BaseWidget-clean_music_app_by_cmd-41-1
/home/uos/youqu/apps/autotest_deepin_music/case/test_music_003.py-TestMusic-teardown_method-BaseWidget-close_music_and_clean_sqlite_by_cmd-42-1
